<?xml version="1.0" encoding="UTF-8"?>
<!-- Generated by org.testng.reporters.JUnitXMLReporter -->
<testsuite ignored="0" hostname="Suraj" failures="0" tests="2" name="ChromeTest" time="76.641" errors="0" timestamp="2022-10-09T15:53:25 IST">
  <testcase classname="com.SauceDemo.TestClasses.TC07_LoginPageValidation_Using_TestNGAssertions" name="validateLoginFunctionality" time="0.192"/>
  <testcase classname="com.SauceDemo.TestClasses.TC08_LogOutPageValidation_Using_TestNGAssertions" name="logout" time="21.83"/>
</testsuite> <!-- ChromeTest -->
