<?xml version="1.0" encoding="UTF-8"?>
<!-- Generated by org.testng.reporters.JUnitXMLReporter -->
<testsuite ignored="0" hostname="Suraj" failures="0" tests="2" name="FirefoxTest" time="126.538" errors="0" timestamp="2022-10-09T15:52:08 IST">
  <testcase classname="com.SauceDemo.TestClasses.TC07_LoginPageValidation_Using_TestNGAssertions" name="validateLoginFunctionality" time="0.187"/>
  <testcase classname="com.SauceDemo.TestClasses.TC08_LogOutPageValidation_Using_TestNGAssertions" name="logout" time="22.152"/>
</testsuite> <!-- FirefoxTest -->
