<?xml version="1.0" encoding="UTF-8"?>
<testng-results ignored="0" total="2" passed="2" failed="0" skipped="0">
  <reporter-output>
  </reporter-output>
  <suite started-at="2022-10-09T22:46:10 IST" name="Suite" finished-at="2022-10-09T22:47:40 IST" duration-ms="90093">
    <groups>
    </groups>
    <test started-at="2022-10-09T22:46:10 IST" name="Test" finished-at="2022-10-09T22:47:40 IST" duration-ms="90093">
      <class name="com.SauceDemo.TestClasses.TC07_LoginPageValidation_Using_TestNGAssertions">
        <test-method is-config="true" signature="setUp(java.lang.String)[pri:0, instance:com.SauceDemo.TestClasses.TC07_LoginPageValidation_Using_TestNGAssertions@6253c26]" started-at="2022-10-09T22:46:10 IST" name="setUp" finished-at="2022-10-09T22:46:46 IST" duration-ms="35750" status="PASS">
          <params>
            <param index="0">
              <value>
                <![CDATA[optional]]>
              </value>
            </param>
          </params>
          <reporter-output>
          </reporter-output>
        </test-method> <!-- setUp -->
        <test-method signature="validateLoginFunctionality()[pri:0, instance:com.SauceDemo.TestClasses.TC07_LoginPageValidation_Using_TestNGAssertions@6253c26]" started-at="2022-10-09T22:46:46 IST" name="validateLoginFunctionality" finished-at="2022-10-09T22:46:46 IST" duration-ms="292" status="PASS">
          <reporter-output>
          </reporter-output>
        </test-method> <!-- validateLoginFunctionality -->
        <test-method is-config="true" signature="tearDown()[pri:0, instance:com.SauceDemo.TestClasses.TC07_LoginPageValidation_Using_TestNGAssertions@6253c26]" started-at="2022-10-09T22:46:46 IST" name="tearDown" finished-at="2022-10-09T22:46:48 IST" duration-ms="1405" status="PASS">
          <reporter-output>
          </reporter-output>
        </test-method> <!-- tearDown -->
      </class> <!-- com.SauceDemo.TestClasses.TC07_LoginPageValidation_Using_TestNGAssertions -->
      <class name="com.SauceDemo.TestClasses.TC08_LogOutPageValidation_Using_TestNGAssertions">
        <test-method is-config="true" signature="setUp(java.lang.String)[pri:0, instance:com.SauceDemo.TestClasses.TC08_LogOutPageValidation_Using_TestNGAssertions@6221a451]" started-at="2022-10-09T22:46:48 IST" name="setUp" finished-at="2022-10-09T22:47:17 IST" duration-ms="29388" status="PASS">
          <params>
            <param index="0">
              <value>
                <![CDATA[optional]]>
              </value>
            </param>
          </params>
          <reporter-output>
          </reporter-output>
        </test-method> <!-- setUp -->
        <test-method signature="logout()[pri:0, instance:com.SauceDemo.TestClasses.TC08_LogOutPageValidation_Using_TestNGAssertions@6221a451]" started-at="2022-10-09T22:47:17 IST" name="logout" finished-at="2022-10-09T22:47:39 IST" duration-ms="21833" status="PASS">
          <reporter-output>
          </reporter-output>
        </test-method> <!-- logout -->
        <test-method is-config="true" signature="tearDown()[pri:0, instance:com.SauceDemo.TestClasses.TC08_LogOutPageValidation_Using_TestNGAssertions@6221a451]" started-at="2022-10-09T22:47:39 IST" name="tearDown" finished-at="2022-10-09T22:47:40 IST" duration-ms="1244" status="PASS">
          <reporter-output>
          </reporter-output>
        </test-method> <!-- tearDown -->
      </class> <!-- com.SauceDemo.TestClasses.TC08_LogOutPageValidation_Using_TestNGAssertions -->
    </test> <!-- Test -->
  </suite> <!-- Suite -->
</testng-results>
